Determining if the pthread_create exist failed with the following output:
Change Dir: /home/dvij5420/catkin_ws/build/CMakeFiles/CMakeTmp

Run Build Command:"/usr/bin/make" "cmTC_6211f/fast"
/usr/bin/make -f CMakeFiles/cmTC_6211f.dir/build.make CMakeFiles/cmTC_6211f.dir/build
make[1]: Entering directory '/home/dvij5420/catkin_ws/build/CMakeFiles/CMakeTmp'
Building C object CMakeFiles/cmTC_6211f.dir/CheckSymbolExists.c.o
/usr/bin/cc     -o CMakeFiles/cmTC_6211f.dir/CheckSymbolExists.c.o   -c /home/dvij5420/catkin_ws/build/CMakeFiles/CMakeTmp/CheckSymbolExists.c
Linking C executable cmTC_6211f
/usr/bin/cmake -E cmake_link_script CMakeFiles/cmTC_6211f.dir/link.txt --verbose=1
/usr/bin/cc       CMakeFiles/cmTC_6211f.dir/CheckSymbolExists.c.o  -o cmTC_6211f -rdynamic 
CMakeFiles/cmTC_6211f.dir/CheckSymbolExists.c.o: In function `main':
CheckSymbolExists.c:(.text+0x16): undefined reference to `pthread_create'
collect2: error: ld returned 1 exit status
CMakeFiles/cmTC_6211f.dir/build.make:97: recipe for target 'cmTC_6211f' failed
make[1]: *** [cmTC_6211f] Error 1
make[1]: Leaving directory '/home/dvij5420/catkin_ws/build/CMakeFiles/CMakeTmp'
Makefile:126: recipe for target 'cmTC_6211f/fast' failed
make: *** [cmTC_6211f/fast] Error 2

File /home/dvij5420/catkin_ws/build/CMakeFiles/CMakeTmp/CheckSymbolExists.c:
/* */
#include <pthread.h>

int main(int argc, char** argv)
{
  (void)argv;
#ifndef pthread_create
  return ((int*)(&pthread_create))[argc];
#else
  (void)argc;
  return 0;
#endif
}

Determining if the function pthread_create exists in the pthreads failed with the following output:
Change Dir: /home/dvij5420/catkin_ws/build/CMakeFiles/CMakeTmp

Run Build Command:"/usr/bin/make" "cmTC_0b6dc/fast"
/usr/bin/make -f CMakeFiles/cmTC_0b6dc.dir/build.make CMakeFiles/cmTC_0b6dc.dir/build
make[1]: Entering directory '/home/dvij5420/catkin_ws/build/CMakeFiles/CMakeTmp'
Building C object CMakeFiles/cmTC_0b6dc.dir/CheckFunctionExists.c.o
/usr/bin/cc    -DCHECK_FUNCTION_EXISTS=pthread_create   -o CMakeFiles/cmTC_0b6dc.dir/CheckFunctionExists.c.o   -c /usr/share/cmake-3.5/Modules/CheckFunctionExists.c
Linking C executable cmTC_0b6dc
/usr/bin/cmake -E cmake_link_script CMakeFiles/cmTC_0b6dc.dir/link.txt --verbose=1
/usr/bin/cc   -DCHECK_FUNCTION_EXISTS=pthread_create    CMakeFiles/cmTC_0b6dc.dir/CheckFunctionExists.c.o  -o cmTC_0b6dc -rdynamic -lpthreads 
/usr/bin/ld: cannot find -lpthreads
collect2: error: ld returned 1 exit status
CMakeFiles/cmTC_0b6dc.dir/build.make:97: recipe for target 'cmTC_0b6dc' failed
make[1]: *** [cmTC_0b6dc] Error 1
make[1]: Leaving directory '/home/dvij5420/catkin_ws/build/CMakeFiles/CMakeTmp'
Makefile:126: recipe for target 'cmTC_0b6dc/fast' failed
make: *** [cmTC_0b6dc/fast] Error 2


Determining if the include file FL/Fl.H exists failed with the following output:
Change Dir: /home/dvij5420/catkin_ws/build/CMakeFiles/CMakeTmp

Run Build Command:"/usr/bin/make" "cmTC_e6f32/fast"
make[1]: Entering directory '/home/dvij5420/catkin_ws/build/CMakeFiles/CMakeTmp'
/usr/bin/make -f CMakeFiles/cmTC_e6f32.dir/build.make CMakeFiles/cmTC_e6f32.dir/build
make[2]: Entering directory '/home/dvij5420/catkin_ws/build/CMakeFiles/CMakeTmp'
Building CXX object CMakeFiles/cmTC_e6f32.dir/CheckIncludeFile.cxx.o
/usr/bin/c++      -o CMakeFiles/cmTC_e6f32.dir/CheckIncludeFile.cxx.o -c /home/dvij5420/catkin_ws/build/CMakeFiles/CMakeTmp/CheckIncludeFile.cxx
/home/dvij5420/catkin_ws/build/CMakeFiles/CMakeTmp/CheckIncludeFile.cxx:1:19: fatal error: FL/Fl.H: No such file or directory
compilation terminated.
CMakeFiles/cmTC_e6f32.dir/build.make:65: recipe for target 'CMakeFiles/cmTC_e6f32.dir/CheckIncludeFile.cxx.o' failed
make[2]: *** [CMakeFiles/cmTC_e6f32.dir/CheckIncludeFile.cxx.o] Error 1
make[2]: Leaving directory '/home/dvij5420/catkin_ws/build/CMakeFiles/CMakeTmp'
Makefile:126: recipe for target 'cmTC_e6f32/fast' failed
make[1]: *** [cmTC_e6f32/fast] Error 2
make[1]: Leaving directory '/home/dvij5420/catkin_ws/build/CMakeFiles/CMakeTmp'


